c:\users\april\desktop\transinfomation\transinfomation\debug\transinfomation.pch
c:\users\april\desktop\transinfomation\transinfomation\debug\vc120.pdb
c:\users\april\desktop\transinfomation\transinfomation\debug\vc120.idb
c:\users\april\desktop\transinfomation\transinfomation\debug\stdafx.obj
c:\users\april\desktop\transinfomation\transinfomation\debug\addroad.obj
c:\users\april\desktop\transinfomation\transinfomation\debug\transinfomation.obj
c:\users\april\desktop\transinfomation\transinfomation\debug\transinfomationdlg.obj
c:\users\april\desktop\transinfomation\transinfomation\debug\citygraph.obj
f:\mycode\transinfomation\transinfomation\debug\transinfomation.pch
f:\mycode\transinfomation\transinfomation\debug\vc120.pdb
f:\mycode\transinfomation\transinfomation\debug\vc120.idb
f:\mycode\transinfomation\transinfomation\debug\stdafx.obj
f:\mycode\transinfomation\transinfomation\debug\addroad.obj
f:\mycode\transinfomation\transinfomation\debug\transinfomation.obj
f:\mycode\transinfomation\transinfomation\debug\transinfomationdlg.obj
f:\mycode\transinfomation\transinfomation\debug\citygraph.obj
c:\users\april\desktop\transinfomation\debug\transinfomation.ilk
c:\users\april\desktop\transinfomation\debug\transinfomation.exe
c:\users\april\desktop\transinfomation\debug\transinfomation.pdb
f:\mycode\transinfomation\debug\transinfomation.ilk
f:\mycode\transinfomation\debug\transinfomation.exe
f:\mycode\transinfomation\debug\transinfomation.pdb
c:\users\april\desktop\transinfomation\transinfomation\debug\transinfomation.res
f:\mycode\transinfomation\transinfomation\debug\transinfomation.res
f:\mycode\transinfomation\transinfomation\debug\transinfomation.tlog\cl.command.1.tlog
f:\mycode\transinfomation\transinfomation\debug\transinfomation.tlog\cl.read.1.tlog
f:\mycode\transinfomation\transinfomation\debug\transinfomation.tlog\cl.write.1.tlog
f:\mycode\transinfomation\transinfomation\debug\transinfomation.tlog\link.command.1.tlog
f:\mycode\transinfomation\transinfomation\debug\transinfomation.tlog\link.read.1.tlog
f:\mycode\transinfomation\transinfomation\debug\transinfomation.tlog\link.write.1.tlog
f:\mycode\transinfomation\transinfomation\debug\transinfomation.tlog\rc.command.1.tlog
f:\mycode\transinfomation\transinfomation\debug\transinfomation.tlog\rc.read.1.tlog
f:\mycode\transinfomation\transinfomation\debug\transinfomation.tlog\rc.write.1.tlog
